Grype Vulnerability Scan Log
Timestamp: Mon Nov  3 15:54:35 CST 2025
Output Directory: ./grype-reports
========================================
Found Docker files: ./Dockerfile.distroless ./Dockerfile.local
#0 building with "desktop-linux" instance using docker driver

#1 [internal] load build definition from Dockerfile.distroless
#1 transferring dockerfile: 2.17kB 0.0s done
#1 DONE 0.0s

#2 resolve image config for docker-image://docker.io/docker/dockerfile:1
#2 ...

#3 [auth] docker/dockerfile:pull token for registry-1.docker.io
#3 DONE 0.0s

#2 resolve image config for docker-image://docker.io/docker/dockerfile:1
#2 DONE 1.6s

#4 docker-image://docker.io/docker/dockerfile:1@sha256:b6afd42430b15f2d2a4c5a02b919e98a525b785b1aaff16747d2f623364e39b6
#4 resolve docker.io/docker/dockerfile:1@sha256:b6afd42430b15f2d2a4c5a02b919e98a525b785b1aaff16747d2f623364e39b6 done
#4 CACHED

#5 [internal] load metadata for 231388672283.dkr.ecr.us-gov-west-1.amazonaws.com/cgr.dev/odcfo-advana-bah/node-fips:22-dev
#5 ERROR: unexpected status from HEAD request to https://231388672283.dkr.ecr.us-gov-west-1.amazonaws.com/v2/cgr.dev/odcfo-advana-bah/node-fips/manifests/22-dev: 401 Unauthorized

#6 [internal] load metadata for 231388672283.dkr.ecr.us-gov-west-1.amazonaws.com/cgr.dev/odcfo-advana-bah/nginx-fips:latest
#6 ERROR: unexpected status from HEAD request to https://231388672283.dkr.ecr.us-gov-west-1.amazonaws.com/v2/cgr.dev/odcfo-advana-bah/nginx-fips/manifests/latest: 401 Unauthorized
------
 > [internal] load metadata for 231388672283.dkr.ecr.us-gov-west-1.amazonaws.com/cgr.dev/odcfo-advana-bah/nginx-fips:latest:
------
------
 > [internal] load metadata for 231388672283.dkr.ecr.us-gov-west-1.amazonaws.com/cgr.dev/odcfo-advana-bah/node-fips:22-dev:
------
Dockerfile.distroless:4
--------------------
   2 |     # check=skip=SecretsUsedInArgOrEnv
   3 |     ARG BASE_IMAGE="231388672283.dkr.ecr.us-gov-west-1.amazonaws.com/cgr.dev/odcfo-advana-bah/node-fips:22"
   4 | >>> FROM "${BASE_IMAGE}-dev" AS builder
   5 |     USER root
   6 |     ENV APP_UID=65532
--------------------
ERROR: failed to build: failed to solve: unexpected status from HEAD request to https://231388672283.dkr.ecr.us-gov-west-1.amazonaws.com/v2/cgr.dev/odcfo-advana-bah/node-fips/manifests/22-dev: 401 Unauthorized
Failed to build image from ./Dockerfile.distroless
#0 building with "desktop-linux" instance using docker driver

#1 [internal] load build definition from Dockerfile.local
#1 transferring dockerfile: 3.22kB done
#1 DONE 0.0s

#2 [internal] load metadata for docker.io/bitnami/nginx:latest
#2 ...

#3 [auth] bitnami/nginx:pull token for registry-1.docker.io
#3 DONE 0.0s

#4 [auth] bitnami/node:pull token for registry-1.docker.io
#4 DONE 0.0s

#5 [internal] load metadata for docker.io/bitnami/node:latest
#5 ...

#2 [internal] load metadata for docker.io/bitnami/nginx:latest
#2 DONE 1.3s

#5 [internal] load metadata for docker.io/bitnami/node:latest
#5 DONE 1.3s

#6 [internal] load .dockerignore
#6 transferring context: 682B done
#6 DONE 0.0s

#7 [builder 1/8] FROM docker.io/bitnami/node:latest@sha256:f729e3e6e59171aa67cc3b7ac1ff11a792c90233d685b13c243a2e325df41f3e
#7 resolve docker.io/bitnami/node:latest@sha256:f729e3e6e59171aa67cc3b7ac1ff11a792c90233d685b13c243a2e325df41f3e done
#7 DONE 0.0s

#8 [server 1/8] FROM docker.io/bitnami/nginx:latest@sha256:658d144296b45c77e0295178eb3cbb129b3db13636d93716bf9bf11100f56f66
#8 resolve docker.io/bitnami/nginx:latest@sha256:658d144296b45c77e0295178eb3cbb129b3db13636d93716bf9bf11100f56f66 done
#8 DONE 0.0s

#9 [server 2/8] RUN find / -type f ( -name "*tiff*" -o -name "*libtiff*" ) -delete 2>/dev/null || true &&     find / -type d ( -name "*tiff*" -o -name "*libtiff*" ) -exec rm -rf {} + 2>/dev/null || true &&     rm -rf /tmp/* 2>/dev/null || true &&     rm -rf /var/tmp/* 2>/dev/null || true &&     rm -rf /usr/share/man/* 2>/dev/null || true &&     rm -rf /usr/share/doc/* 2>/dev/null || true &&     rm -rf /etc/nginx/conf.d/default.conf 2>/dev/null || true
#9 CACHED

#10 [internal] load build context
#10 transferring context: 5.63MB 2.2s done
#10 DONE 2.4s

#11 [builder 2/8] RUN mkdir -p "/app/frontend"
#11 CACHED

#12 [builder 3/8] RUN node -v
#12 CACHED

#13 [builder 4/8] RUN npm -v
#13 CACHED

#14 [builder 5/8] RUN npm config set strict-ssl=false
#14 CACHED

#15 [builder 6/8] RUN npm set @advana:registry=https://nexus.cdao.us/repository/advana-npm-group/
#15 CACHED

#16 [builder 7/8] COPY --chmod=775 ./frontend/ /app/frontend/
#16 CACHED

#17 [builder 8/8] RUN cd "/app/frontend"     && npm install     && VITE_KEYCLOAK_URL="https://keycloak.cdao.us/auth"     VITE_KEYCLOAK_REALM="baby-yoda"     VITE_KEYCLOAK_CLIENT_ID="marketplace"     VITE_KEYCLOAK_CHECK_LOGIN_IFRAME="false"     VITE_BYPASS_AUTH="true"     VITE_API_BASE_URL=""     npm run build
#17 4.834 
#17 4.834 added 58 packages, removed 1 package, and audited 753 packages in 4s
#17 4.834 
#17 4.834 200 packages are looking for funding
#17 4.834   run `npm fund` for details
#17 4.835 
#17 4.835 found 0 vulnerabilities
#17 4.933 
#17 4.933 > advana-marketplace@1.0.0 build
#17 4.933 > vite build
#17 4.933 
#17 5.170 vite v6.4.1 building for production...
#17 5.216 transforming...
#17 7.146 ✓ 98 modules transformed.
#17 7.150 ✗ Build failed in 1.96s
#17 7.150 error during build:
#17 7.150 [vite]: Rollup failed to resolve import "@advana/platform-ui/dist/AdvanaMenu" from "/app/frontend/src/App.tsx".
#17 7.150 This is most likely unintended because it can break your application at runtime.
#17 7.150 If you do want to externalize this module explicitly add it to
#17 7.150 `build.rollupOptions.external`
#17 7.150     at viteLog (file:///app/frontend/node_modules/vite/dist/node/chunks/dep-D4NMHUTW.js:46374:15)
#17 7.150     at file:///app/frontend/node_modules/vite/dist/node/chunks/dep-D4NMHUTW.js:46432:18
#17 7.150     at onwarn (file:///app/frontend/node_modules/@vitejs/plugin-react/dist/index.mjs:104:9)
#17 7.150     at file:///app/frontend/node_modules/vite/dist/node/chunks/dep-D4NMHUTW.js:46430:7
#17 7.150     at onRollupLog (file:///app/frontend/node_modules/vite/dist/node/chunks/dep-D4NMHUTW.js:46422:5)
#17 7.150     at onLog (file:///app/frontend/node_modules/vite/dist/node/chunks/dep-D4NMHUTW.js:46072:7)
#17 7.150     at file:///app/frontend/node_modules/rollup/dist/es/shared/node-entry.js:20937:32
#17 7.150     at Object.logger [as onLog] (file:///app/frontend/node_modules/rollup/dist/es/shared/node-entry.js:22823:9)
#17 7.150     at ModuleLoader.handleInvalidResolvedId (file:///app/frontend/node_modules/rollup/dist/es/shared/node-entry.js:21567:26)
#17 7.150     at file:///app/frontend/node_modules/rollup/dist/es/shared/node-entry.js:21525:26
#17 ERROR: process "/bin/bash -o errexit -o nounset -o pipefail -c cd \"${APP_FRONTEND_DIR}\"     && npm install     && VITE_KEYCLOAK_URL=\"${VITE_KEYCLOAK_URL}\"     VITE_KEYCLOAK_REALM=\"${VITE_KEYCLOAK_REALM}\"     VITE_KEYCLOAK_CLIENT_ID=\"${VITE_KEYCLOAK_CLIENT_ID}\"     VITE_KEYCLOAK_CHECK_LOGIN_IFRAME=\"${VITE_KEYCLOAK_CHECK_LOGIN_IFRAME}\"     VITE_BYPASS_AUTH=\"${VITE_BYPASS_AUTH}\"     VITE_API_BASE_URL=\"${VITE_API_BASE_URL}\"     npm run build" did not complete successfully: exit code: 1
------
 > [builder 8/8] RUN cd "/app/frontend"     && npm install     && VITE_KEYCLOAK_URL="https://keycloak.cdao.us/auth"     VITE_KEYCLOAK_REALM="baby-yoda"     VITE_KEYCLOAK_CLIENT_ID="marketplace"     VITE_KEYCLOAK_CHECK_LOGIN_IFRAME="false"     VITE_BYPASS_AUTH="true"     VITE_API_BASE_URL=""     npm run build:
7.150     at viteLog (file:///app/frontend/node_modules/vite/dist/node/chunks/dep-D4NMHUTW.js:46374:15)
7.150     at file:///app/frontend/node_modules/vite/dist/node/chunks/dep-D4NMHUTW.js:46432:18
7.150     at onwarn (file:///app/frontend/node_modules/@vitejs/plugin-react/dist/index.mjs:104:9)
7.150     at file:///app/frontend/node_modules/vite/dist/node/chunks/dep-D4NMHUTW.js:46430:7
7.150     at onRollupLog (file:///app/frontend/node_modules/vite/dist/node/chunks/dep-D4NMHUTW.js:46422:5)
7.150     at onLog (file:///app/frontend/node_modules/vite/dist/node/chunks/dep-D4NMHUTW.js:46072:7)
7.150     at file:///app/frontend/node_modules/rollup/dist/es/shared/node-entry.js:20937:32
7.150     at Object.logger [as onLog] (file:///app/frontend/node_modules/rollup/dist/es/shared/node-entry.js:22823:9)
7.150     at ModuleLoader.handleInvalidResolvedId (file:///app/frontend/node_modules/rollup/dist/es/shared/node-entry.js:21567:26)
7.150     at file:///app/frontend/node_modules/rollup/dist/es/shared/node-entry.js:21525:26
------

 [33m1 warning found (use docker --debug to expand):
[0m - SecretsUsedInArgOrEnv: Do not use ARG or ENV instructions for sensitive data (ARG "VITE_BYPASS_AUTH") (line 20)
Dockerfile.local:25
--------------------
  24 |     COPY --chmod=775 ./frontend/ "${APP_FRONTEND_DIR}/"
  25 | >>> RUN cd "${APP_FRONTEND_DIR}" \
  26 | >>>     && npm install \
  27 | >>>     && VITE_KEYCLOAK_URL="${VITE_KEYCLOAK_URL}" \
  28 | >>>     VITE_KEYCLOAK_REALM="${VITE_KEYCLOAK_REALM}" \
  29 | >>>     VITE_KEYCLOAK_CLIENT_ID="${VITE_KEYCLOAK_CLIENT_ID}" \
  30 | >>>     VITE_KEYCLOAK_CHECK_LOGIN_IFRAME="${VITE_KEYCLOAK_CHECK_LOGIN_IFRAME}" \
  31 | >>>     VITE_BYPASS_AUTH="${VITE_BYPASS_AUTH}" \
  32 | >>>     VITE_API_BASE_URL="${VITE_API_BASE_URL}" \
  33 | >>>     npm run build
  34 |     
--------------------
ERROR: failed to build: failed to solve: process "/bin/bash -o errexit -o nounset -o pipefail -c cd \"${APP_FRONTEND_DIR}\"     && npm install     && VITE_KEYCLOAK_URL=\"${VITE_KEYCLOAK_URL}\"     VITE_KEYCLOAK_REALM=\"${VITE_KEYCLOAK_REALM}\"     VITE_KEYCLOAK_CLIENT_ID=\"${VITE_KEYCLOAK_CLIENT_ID}\"     VITE_KEYCLOAK_CHECK_LOGIN_IFRAME=\"${VITE_KEYCLOAK_CHECK_LOGIN_IFRAME}\"     VITE_BYPASS_AUTH=\"${VITE_BYPASS_AUTH}\"     VITE_API_BASE_URL=\"${VITE_API_BASE_URL}\"     npm run build" did not complete successfully: exit code: 1
Failed to build image from ./Dockerfile.local
Scan type: base-image
Image: nginx:alpine
Image scan completed successfully
Base image nginx:alpine vulnerability scan completed
Scan type: base-image
Image: node:18-alpine
Image scan completed successfully
Base image node:18-alpine vulnerability scan completed
Scan type: base-image
Image: python:3.11-alpine
Image scan completed successfully
Base image python:3.11-alpine vulnerability scan completed
22.04: Pulling from library/ubuntu
f85691aa4b90: Pulling fs layer
f85691aa4b90: Download complete
f85691aa4b90: Pull complete
Digest: sha256:09506232a8004baa32c47d68f1e5c307d648fdd59f5e7eaa42aaf87914100db3
Status: Downloaded newer image for ubuntu:22.04
docker.io/library/ubuntu:22.04
Scan type: base-image
Image: ubuntu:22.04
Image scan completed successfully
Base image ubuntu:22.04 vulnerability scan completed
latest: Pulling from library/alpine
Digest: sha256:4b7ce07002c69e8f3d704a9c5d6fd3053be500b7f1c69fc0d80990c2ad8dd412
Status: Downloaded newer image for alpine:latest
docker.io/library/alpine:latest
Scan type: base-image
Image: alpine:latest
Image scan completed successfully
Base image alpine:latest vulnerability scan completed
Filesystem scan target: .
[0000]  WARN no explicit name and version provided for directory source, deriving artifact ID from the given path (which is not ideal)
Filesystem scan completed successfully
[0000]  WARN no explicit name and version provided for directory source, deriving artifact ID from the given path (which is not ideal)
Package scan target: .
[0000]  WARN no explicit name and version provided for directory source, deriving artifact ID from the given path (which is not ideal)
