SBOM generation started: 2025-11-16_12-50-35
Target: /Users/rnelson/Desktop/CDAO MarketPlace/Marketplace/advana-marketplace
Target: /Users/rnelson/Desktop/CDAO MarketPlace/Marketplace/advana-marketplace
Syft version check:
Syft version check:
Generating SBOM for filesystem: /Users/rnelson/Desktop/CDAO MarketPlace/Marketplace/advana-marketplace
Generating SBOM for filesystem: /Users/rnelson/Desktop/CDAO MarketPlace/Marketplace/advana-marketplace
Using Docker version of Syft
Using Docker version of Syft
[0000]  WARN no explicit name and version provided for directory source, deriving artifact ID from the given path (which is not ideal)
[0000]  WARN no explicit name and version provided for directory source, deriving artifact ID from the given path (which is not ideal)
SBOM generated successfully: /Users/rnelson/Desktop/CDAO MarketPlace/app/comprehensive-security-architecture/reports/sbom-reports/advana-marketplace_rnelson_2025-11-16_12-50-35_sbom-filesystem.json
SBOM generated successfully: /Users/rnelson/Desktop/CDAO MarketPlace/app/comprehensive-security-architecture/reports/sbom-reports/advana-marketplace_rnelson_2025-11-16_12-50-35_sbom-filesystem.json
SBOM Summary: 500 artifacts cataloged
SBOM Summary: 500 artifacts cataloged


Generating SBOM for nodejs: /Users/rnelson/Desktop/CDAO MarketPlace/Marketplace/advana-marketplace
Using Docker version of Syft
Generating SBOM for nodejs: /Users/rnelson/Desktop/CDAO MarketPlace/Marketplace/advana-marketplace
Using Docker version of Syft
[0000]  WARN no explicit name and version provided for directory source, deriving artifact ID from the given path (which is not ideal)
[0000]  WARN no explicit name and version provided for directory source, deriving artifact ID from the given path (which is not ideal)
SBOM generated successfully: /Users/rnelson/Desktop/CDAO MarketPlace/app/comprehensive-security-architecture/reports/sbom-reports/advana-marketplace_rnelson_2025-11-16_12-50-35_sbom-nodejs.json
SBOM generated successfully: /Users/rnelson/Desktop/CDAO MarketPlace/app/comprehensive-security-architecture/reports/sbom-reports/advana-marketplace_rnelson_2025-11-16_12-50-35_sbom-nodejs.json
SBOM Summary: 500 artifacts cataloged
SBOM Summary: 500 artifacts cataloged


