
-------------------------------------------------------------------------------


----------- SCAN SUMMARY -----------
Known viruses: 8708739
Engine version: 1.5.1
Scanned directories: 32
Scanned files: 41
Infected files: 0
Data scanned: 899.03 KiB
Data read: 480.48 KiB (ratio 1.87:1)
Time: 15.910 sec (0 m 15 s)
Start Date: 2025:11:13 18:56:51
End Date:   2025:11:13 18:57:07

-------------------------------------------------------------------------------


----------- SCAN SUMMARY -----------
Known viruses: 8708739
Engine version: 1.5.1
Scanned directories: 32
Scanned files: 42
Infected files: 0
Data scanned: 918.84 KiB
Data read: 494.51 KiB (ratio 1.86:1)
Time: 9.411 sec (0 m 9 s)
Start Date: 2025:11:13 19:44:17
End Date:   2025:11:13 19:44:26
